# JRE version: Java(TM) SE Runtime Environment (8.0_201-b09) (build 1.8.0_201-b09)
# Java VM: Java HotSpot(TM) 64-Bit Server VM (25.201-b09 mixed mode linux-amd64 compressed oops)
Heap:
 PSYoungGen      total 9394176K, used 275102K [0x0000000580000000, 0x00000007e8700000, 0x0000000800000000)
  eden space 8688640K, 0% used [0x0000000580000000,0x0000000580000000,0x0000000792500000)
  from space 705536K, 38% used [0x0000000792500000,0x00000007a31a7af0,0x00000007bd600000)
  to   space 683008K, 0% used [0x00000007bec00000,0x00000007bec00000,0x00000007e8700000)
 ParOldGen       total 4329472K, used 3674003K [0x0000000080000000, 0x0000000188400000, 0x0000000580000000)
  object space 4329472K, 84% used [0x0000000080000000,0x00000001603e4ff0,0x0000000188400000)
 Metaspace       used 22123K, capacity 22362K, committed 22656K, reserved 1069056K
  class space    used 2000K, capacity 2091K, committed 2176K, reserved 1048576K
GC Heap History (10 events):
Event: 399.734 GC heap after
Heap after GC invocations=15621 (full 7747):
 PSYoungGen      total 8594432K, used 534028K [0x0000000580000000, 0x00000007bce80000, 0x0000000800000000)
  eden space 7904256K, 0% used [0x0000000580000000,0x0000000580000000,0x0000000762700000)
  from space 690176K, 77% used [0x000000078dc80000,0x00000007ae6032d0,0x00000007b7e80000)
  to   space 710144K, 0% used [0x0000000762700000,0x0000000762700000,0x000000078dc80000)
 ParOldGen       total 4329472K, used 3328899K [0x0000000080000000, 0x0000000188400000, 0x0000000580000000)
  object space 4329472K, 76% used [0x0000000080000000,0x000000014b2e0f58,0x0000000188400000)
 Metaspace       used 22123K, capacity 22362K, committed 22656K, reserved 1069056K
  class space    used 2000K, capacity 2091K, committed 2176K, reserved 1048576K
}
Event: 403.383 GC heap before
{Heap before GC invocations=15622 (full 7747):
 PSYoungGen      total 8594432K, used 8438284K [0x0000000580000000, 0x00000007bce80000, 0x0000000800000000)
  eden space 7904256K, 100% used [0x0000000580000000,0x0000000762700000,0x0000000762700000)
  from space 690176K, 77% used [0x000000078dc80000,0x00000007ae6032d0,0x00000007b7e80000)
  to   space 710144K, 0% used [0x0000000762700000,0x0000000762700000,0x000000078dc80000)
 ParOldGen       total 4329472K, used 3328899K [0x0000000080000000, 0x0000000188400000, 0x0000000580000000)
  object space 4329472K, 76% used [0x0000000080000000,0x000000014b2e0f58,0x0000000188400000)
 Metaspace       used 22123K, capacity 22362K, committed 22656K, reserved 1069056K
  class space    used 2000K, capacity 2091K, committed 2176K, reserved 1048576K
Event: 403.505 GC heap after
Heap after GC invocations=15622 (full 7747):
 PSYoungGen      total 8614400K, used 561060K [0x0000000580000000, 0x00000007d4080000, 0x0000000800000000)
  eden space 7904256K, 0% used [0x0000000580000000,0x0000000580000000,0x0000000762700000)
  from space 710144K, 79% used [0x0000000762700000,0x0000000784ae9040,0x000000078dc80000)
  to   space 734720K, 0% used [0x00000007a7300000,0x00000007a7300000,0x00000007d4080000)
 ParOldGen       total 4329472K, used 3328899K [0x0000000080000000, 0x0000000188400000, 0x0000000580000000)
  object space 4329472K, 76% used [0x0000000080000000,0x000000014b2e0f58,0x0000000188400000)
 Metaspace       used 22123K, capacity 22362K, committed 22656K, reserved 1069056K
  class space    used 2000K, capacity 2091K, committed 2176K, reserved 1048576K
}
Event: 405.413 GC heap before
{Heap before GC invocations=15623 (full 7747):
 PSYoungGen      total 8614400K, used 8465316K [0x0000000580000000, 0x00000007d4080000, 0x0000000800000000)
  eden space 7904256K, 100% used [0x0000000580000000,0x0000000762700000,0x0000000762700000)
  from space 710144K, 79% used [0x0000000762700000,0x0000000784ae9040,0x000000078dc80000)
  to   space 734720K, 0% used [0x00000007a7300000,0x00000007a7300000,0x00000007d4080000)
 ParOldGen       total 4329472K, used 3328899K [0x0000000080000000, 0x0000000188400000, 0x0000000580000000)
  object space 4329472K, 76% used [0x0000000080000000,0x000000014b2e0f58,0x0000000188400000)
 Metaspace       used 22123K, capacity 22362K, committed 22656K, reserved 1069056K
  class space    used 2000K, capacity 2091K, committed 2176K, reserved 1048576K
Event: 405.624 GC heap after
Heap after GC invocations=15623 (full 7747):
 PSYoungGen      total 9004544K, used 583222K [0x0000000580000000, 0x00000007da380000, 0x0000000800000000)
  eden space 8269824K, 0% used [0x0000000580000000,0x0000000580000000,0x0000000778c00000)
  from space 734720K, 79% used [0x00000007a7300000,0x00000007cac8d898,0x00000007d4080000)
  to   space 760832K, 0% used [0x0000000778c00000,0x0000000778c00000,0x00000007a7300000)
 ParOldGen       total 4329472K, used 3328899K [0x0000000080000000, 0x0000000188400000, 0x0000000580000000)
  object space 4329472K, 76% used [0x0000000080000000,0x000000014b2e0f58,0x0000000188400000)
 Metaspace       used 22123K, capacity 22362K, committed 22656K, reserved 1069056K
  class space    used 2000K, capacity 2091K, committed 2176K, reserved 1048576K
}
Event: 410.319 GC heap before
{Heap before GC invocations=15624 (full 7747):
 PSYoungGen      total 9004544K, used 8853046K [0x0000000580000000, 0x00000007da380000, 0x0000000800000000)
  eden space 8269824K, 100% used [0x0000000580000000,0x0000000778c00000,0x0000000778c00000)
  from space 734720K, 79% used [0x00000007a7300000,0x00000007cac8d898,0x00000007d4080000)
  to   space 760832K, 0% used [0x0000000778c00000,0x0000000778c00000,0x00000007a7300000)
 ParOldGen       total 4329472K, used 3328899K [0x0000000080000000, 0x0000000188400000, 0x0000000580000000)
  object space 4329472K, 76% used [0x0000000080000000,0x000000014b2e0f58,0x0000000188400000)
 Metaspace       used 22123K, capacity 22362K, committed 22656K, reserved 1069056K
  class space    used 2000K, capacity 2091K, committed 2176K, reserved 1048576K
Event: 410.486 GC heap after
Heap after GC invocations=15624 (full 7747):
 PSYoungGen      total 9030656K, used 443318K [0x0000000580000000, 0x00000007eb480000, 0x0000000800000000)
  eden space 8269824K, 0% used [0x0000000580000000,0x0000000580000000,0x0000000778c00000)
  from space 760832K, 58% used [0x0000000778c00000,0x0000000793cedb50,0x00000007a7300000)
  to   space 729600K, 0% used [0x00000007bec00000,0x00000007bec00000,0x00000007eb480000)
 ParOldGen       total 4329472K, used 3475822K [0x0000000080000000, 0x0000000188400000, 0x0000000580000000)
  object space 4329472K, 80% used [0x0000000080000000,0x000000015425b9d8,0x0000000188400000)
 Metaspace       used 22123K, capacity 22362K, committed 22656K, reserved 1069056K
  class space    used 2000K, capacity 2091K, committed 2176K, reserved 1048576K
}
Event: 413.274 GC heap before
{Heap before GC invocations=15625 (full 7747):
 PSYoungGen      total 9030656K, used 8713142K [0x0000000580000000, 0x00000007eb480000, 0x0000000800000000)
  eden space 8269824K, 100% used [0x0000000580000000,0x0000000778c00000,0x0000000778c00000)
  from space 760832K, 58% used [0x0000000778c00000,0x0000000793cedb50,0x00000007a7300000)
  to   space 729600K, 0% used [0x00000007bec00000,0x00000007bec00000,0x00000007eb480000)
 ParOldGen       total 4329472K, used 3475822K [0x0000000080000000, 0x0000000188400000, 0x0000000580000000)
  object space 4329472K, 80% used [0x0000000080000000,0x000000015425b9d8,0x0000000188400000)
 Metaspace       used 22123K, capacity 22362K, committed 22656K, reserved 1069056K
  class space    used 2000K, capacity 2091K, committed 2176K, reserved 1048576K
Event: 413.457 GC heap after
Heap after GC invocations=15625 (full 7747):
 PSYoungGen      total 9371648K, used 456281K [0x0000000580000000, 0x00000007e8700000, 0x0000000800000000)
  eden space 8688640K, 0% used [0x0000000580000000,0x0000000580000000,0x0000000792500000)
  from space 683008K, 66% used [0x00000007bec00000,0x00000007da996488,0x00000007e8700000)
  to   space 705536K, 0% used [0x0000000792500000,0x0000000792500000,0x00000007bd600000)
 ParOldGen       total 4329472K, used 3479275K [0x0000000080000000, 0x0000000188400000, 0x0000000580000000)
  object space 4329472K, 80% used [0x0000000080000000,0x00000001545bad20,0x0000000188400000)
 Metaspace       used 22123K, capacity 22362K, committed 22656K, reserved 1069056K
  class space    used 2000K, capacity 2091K, committed 2176K, reserved 1048576K
}
Event: 431.865 GC heap before
{Heap before GC invocations=15626 (full 7747):
 PSYoungGen      total 9371648K, used 9144921K [0x0000000580000000, 0x00000007e8700000, 0x0000000800000000)
  eden space 8688640K, 100% used [0x0000000580000000,0x0000000792500000,0x0000000792500000)
  from space 683008K, 66% used [0x00000007bec00000,0x00000007da996488,0x00000007e8700000)
  to   space 705536K, 0% used [0x0000000792500000,0x0000000792500000,0x00000007bd600000)
 ParOldGen       total 4329472K, used 3479275K [0x0000000080000000, 0x0000000188400000, 0x0000000580000000)
  object space 4329472K, 80% used [0x0000000080000000,0x00000001545bad20,0x0000000188400000)
 Metaspace       used 22123K, capacity 22362K, committed 22656K, reserved 1069056K
  class space    used 2000K, capacity 2091K, committed 2176K, reserved 1048576K

